01:26:42.322 INFO  [File:StartupInfoLogger.java] [Func:logStarting] [Line:55] [Message:Starting DemoApplication using Java 14.0.2 on DESKTOP-5LEUD1T with PID 24392 (C:\Users\hjun\Code\rising_camp\school_for_jpa_querydsl\out\production\classes started by hjun in C:\Users\hjun\Code\rising_camp\school_for_jpa_querydsl)]- Starting DemoApplication using Java 14.0.2 on DESKTOP-5LEUD1T with PID 24392 (C:\Users\hjun\Code\rising_camp\school_for_jpa_querydsl\out\production\classes started by hjun in C:\Users\hjun\Code\rising_camp\school_for_jpa_querydsl)
01:26:42.326 INFO  [File:SpringApplication.java] [Func:logStartupProfileInfo] [Line:660] [Message:No active profile set, falling back to default profiles: default]- No active profile set, falling back to default profiles: default
09:27:31.697 INFO  [File:StartupInfoLogger.java] [Func:logStarting] [Line:55] [Message:Starting DemoApplication using Java 14.0.2 on DESKTOP-5LEUD1T with PID 4804 (C:\Users\hjun\Code\rising_camp\school_for_jpa_querydsl\out\production\classes started by hjun in C:\Users\hjun\Code\rising_camp\school_for_jpa_querydsl)]- Starting DemoApplication using Java 14.0.2 on DESKTOP-5LEUD1T with PID 4804 (C:\Users\hjun\Code\rising_camp\school_for_jpa_querydsl\out\production\classes started by hjun in C:\Users\hjun\Code\rising_camp\school_for_jpa_querydsl)
09:27:31.701 INFO  [File:SpringApplication.java] [Func:logStartupProfileInfo] [Line:660] [Message:No active profile set, falling back to default profiles: default]- No active profile set, falling back to default profiles: default
09:38:09.805 INFO  [File:StartupInfoLogger.java] [Func:logStarting] [Line:55] [Message:Starting DemoApplication using Java 14.0.2 on DESKTOP-5LEUD1T with PID 12980 (C:\Users\hjun\Code\rising_camp\school_for_jpa_querydsl\out\production\classes started by hjun in C:\Users\hjun\Code\rising_camp\school_for_jpa_querydsl)]- Starting DemoApplication using Java 14.0.2 on DESKTOP-5LEUD1T with PID 12980 (C:\Users\hjun\Code\rising_camp\school_for_jpa_querydsl\out\production\classes started by hjun in C:\Users\hjun\Code\rising_camp\school_for_jpa_querydsl)
09:38:09.807 INFO  [File:SpringApplication.java] [Func:logStartupProfileInfo] [Line:660] [Message:No active profile set, falling back to default profiles: default]- No active profile set, falling back to default profiles: default
09:38:12.833 INFO  [File:StartupInfoLogger.java] [Func:logStarted] [Line:61] [Message:Started DemoApplication in 3.462 seconds (JVM running for 4.343)]- Started DemoApplication in 3.462 seconds (JVM running for 4.343)
09:39:13.214 INFO  [File:StartupInfoLogger.java] [Func:logStarting] [Line:55] [Message:Starting DemoApplication using Java 14.0.2 on DESKTOP-5LEUD1T with PID 15276 (C:\Users\hjun\Code\rising_camp\school_for_jpa_querydsl\out\production\classes started by hjun in C:\Users\hjun\Code\rising_camp\school_for_jpa_querydsl)]- Starting DemoApplication using Java 14.0.2 on DESKTOP-5LEUD1T with PID 15276 (C:\Users\hjun\Code\rising_camp\school_for_jpa_querydsl\out\production\classes started by hjun in C:\Users\hjun\Code\rising_camp\school_for_jpa_querydsl)
09:39:13.218 INFO  [File:SpringApplication.java] [Func:logStartupProfileInfo] [Line:660] [Message:No active profile set, falling back to default profiles: default]- No active profile set, falling back to default profiles: default
09:39:16.076 INFO  [File:StartupInfoLogger.java] [Func:logStarted] [Line:61] [Message:Started DemoApplication in 3.244 seconds (JVM running for 3.926)]- Started DemoApplication in 3.244 seconds (JVM running for 3.926)
09:40:14.339 INFO  [File:StartupInfoLogger.java] [Func:logStarting] [Line:55] [Message:Starting DemoApplication using Java 14.0.2 on DESKTOP-5LEUD1T with PID 2188 (C:\Users\hjun\Code\rising_camp\school_for_jpa_querydsl\out\production\classes started by hjun in C:\Users\hjun\Code\rising_camp\school_for_jpa_querydsl)]- Starting DemoApplication using Java 14.0.2 on DESKTOP-5LEUD1T with PID 2188 (C:\Users\hjun\Code\rising_camp\school_for_jpa_querydsl\out\production\classes started by hjun in C:\Users\hjun\Code\rising_camp\school_for_jpa_querydsl)
09:40:14.341 INFO  [File:SpringApplication.java] [Func:logStartupProfileInfo] [Line:660] [Message:No active profile set, falling back to default profiles: default]- No active profile set, falling back to default profiles: default
09:40:17.404 INFO  [File:StartupInfoLogger.java] [Func:logStarted] [Line:61] [Message:Started DemoApplication in 3.502 seconds (JVM running for 4.188)]- Started DemoApplication in 3.502 seconds (JVM running for 4.188)
09:40:20.517 INFO  [File:StudentController.java] [Func:getStudent] [Line:24] [Message:1]- 1
09:41:18.674 INFO  [File:StartupInfoLogger.java] [Func:logStarting] [Line:55] [Message:Starting DemoApplication using Java 14.0.2 on DESKTOP-5LEUD1T with PID 22052 (C:\Users\hjun\Code\rising_camp\school_for_jpa_querydsl\out\production\classes started by hjun in C:\Users\hjun\Code\rising_camp\school_for_jpa_querydsl)]- Starting DemoApplication using Java 14.0.2 on DESKTOP-5LEUD1T with PID 22052 (C:\Users\hjun\Code\rising_camp\school_for_jpa_querydsl\out\production\classes started by hjun in C:\Users\hjun\Code\rising_camp\school_for_jpa_querydsl)
09:41:18.677 INFO  [File:SpringApplication.java] [Func:logStartupProfileInfo] [Line:660] [Message:No active profile set, falling back to default profiles: default]- No active profile set, falling back to default profiles: default
09:41:22.008 INFO  [File:StartupInfoLogger.java] [Func:logStarted] [Line:61] [Message:Started DemoApplication in 3.757 seconds (JVM running for 4.448)]- Started DemoApplication in 3.757 seconds (JVM running for 4.448)
09:43:26.904 INFO  [File:StudentController.java] [Func:getStudent] [Line:24] [Message:1]- 1
09:47:11.969 INFO  [File:StartupInfoLogger.java] [Func:logStarting] [Line:55] [Message:Starting DemoApplication using Java 14.0.2 on DESKTOP-5LEUD1T with PID 23932 (C:\Users\hjun\Code\rising_camp\school_for_jpa_querydsl\out\production\classes started by hjun in C:\Users\hjun\Code\rising_camp\school_for_jpa_querydsl)]- Starting DemoApplication using Java 14.0.2 on DESKTOP-5LEUD1T with PID 23932 (C:\Users\hjun\Code\rising_camp\school_for_jpa_querydsl\out\production\classes started by hjun in C:\Users\hjun\Code\rising_camp\school_for_jpa_querydsl)
09:47:11.974 INFO  [File:SpringApplication.java] [Func:logStartupProfileInfo] [Line:660] [Message:No active profile set, falling back to default profiles: default]- No active profile set, falling back to default profiles: default
09:47:15.046 INFO  [File:StartupInfoLogger.java] [Func:logStarted] [Line:61] [Message:Started DemoApplication in 4.494 seconds (JVM running for 5.528)]- Started DemoApplication in 4.494 seconds (JVM running for 5.528)
09:47:28.590 INFO  [File:StudentController.java] [Func:getStudent] [Line:24] [Message:1]- 1
09:50:10.102 INFO  [File:StartupInfoLogger.java] [Func:logStarting] [Line:55] [Message:Starting DemoApplication using Java 14.0.2 on DESKTOP-5LEUD1T with PID 10836 (C:\Users\hjun\Code\rising_camp\school_for_jpa_querydsl\out\production\classes started by hjun in C:\Users\hjun\Code\rising_camp\school_for_jpa_querydsl)]- Starting DemoApplication using Java 14.0.2 on DESKTOP-5LEUD1T with PID 10836 (C:\Users\hjun\Code\rising_camp\school_for_jpa_querydsl\out\production\classes started by hjun in C:\Users\hjun\Code\rising_camp\school_for_jpa_querydsl)
09:50:10.106 INFO  [File:SpringApplication.java] [Func:logStartupProfileInfo] [Line:660] [Message:No active profile set, falling back to default profiles: default]- No active profile set, falling back to default profiles: default
09:50:13.264 INFO  [File:StartupInfoLogger.java] [Func:logStarted] [Line:61] [Message:Started DemoApplication in 3.58 seconds (JVM running for 4.279)]- Started DemoApplication in 3.58 seconds (JVM running for 4.279)
09:50:19.781 INFO  [File:StudentController.java] [Func:getStudent] [Line:29] [Message:1]- 1
09:50:19.815 INFO  [File:StudentService.java] [Func:findStudent] [Line:26] [Message:test]- test
09:51:26.595 INFO  [File:StartupInfoLogger.java] [Func:logStarting] [Line:55] [Message:Starting DemoApplication using Java 14.0.2 on DESKTOP-5LEUD1T with PID 19680 (C:\Users\hjun\Code\rising_camp\school_for_jpa_querydsl\out\production\classes started by hjun in C:\Users\hjun\Code\rising_camp\school_for_jpa_querydsl)]- Starting DemoApplication using Java 14.0.2 on DESKTOP-5LEUD1T with PID 19680 (C:\Users\hjun\Code\rising_camp\school_for_jpa_querydsl\out\production\classes started by hjun in C:\Users\hjun\Code\rising_camp\school_for_jpa_querydsl)
09:51:26.598 INFO  [File:SpringApplication.java] [Func:logStartupProfileInfo] [Line:660] [Message:No active profile set, falling back to default profiles: default]- No active profile set, falling back to default profiles: default
09:51:29.564 INFO  [File:StartupInfoLogger.java] [Func:logStarted] [Line:61] [Message:Started DemoApplication in 3.374 seconds (JVM running for 4.067)]- Started DemoApplication in 3.374 seconds (JVM running for 4.067)
09:51:32.276 INFO  [File:StudentController.java] [Func:getStudent] [Line:29] [Message:1]- 1
09:51:32.307 INFO  [File:StudentService.java] [Func:findStudent] [Line:26] [Message:test]- test
09:53:58.770 INFO  [File:StartupInfoLogger.java] [Func:logStarting] [Line:55] [Message:Starting DemoApplication using Java 14.0.2 on DESKTOP-5LEUD1T with PID 19540 (C:\Users\hjun\Code\rising_camp\school_for_jpa_querydsl\out\production\classes started by hjun in C:\Users\hjun\Code\rising_camp\school_for_jpa_querydsl)]- Starting DemoApplication using Java 14.0.2 on DESKTOP-5LEUD1T with PID 19540 (C:\Users\hjun\Code\rising_camp\school_for_jpa_querydsl\out\production\classes started by hjun in C:\Users\hjun\Code\rising_camp\school_for_jpa_querydsl)
09:53:58.773 INFO  [File:SpringApplication.java] [Func:logStartupProfileInfo] [Line:660] [Message:No active profile set, falling back to default profiles: default]- No active profile set, falling back to default profiles: default
09:54:01.758 INFO  [File:StartupInfoLogger.java] [Func:logStarted] [Line:61] [Message:Started DemoApplication in 3.408 seconds (JVM running for 4.209)]- Started DemoApplication in 3.408 seconds (JVM running for 4.209)
09:54:05.134 INFO  [File:StudentController.java] [Func:getStudent] [Line:29] [Message:1]- 1
09:54:05.172 INFO  [File:StudentService.java] [Func:findStudent] [Line:26] [Message:test]- test
09:56:18.624 INFO  [File:StartupInfoLogger.java] [Func:logStarting] [Line:55] [Message:Starting DemoApplication using Java 14.0.2 on DESKTOP-5LEUD1T with PID 21348 (C:\Users\hjun\Code\rising_camp\school_for_jpa_querydsl\out\production\classes started by hjun in C:\Users\hjun\Code\rising_camp\school_for_jpa_querydsl)]- Starting DemoApplication using Java 14.0.2 on DESKTOP-5LEUD1T with PID 21348 (C:\Users\hjun\Code\rising_camp\school_for_jpa_querydsl\out\production\classes started by hjun in C:\Users\hjun\Code\rising_camp\school_for_jpa_querydsl)
09:56:18.627 INFO  [File:SpringApplication.java] [Func:logStartupProfileInfo] [Line:660] [Message:No active profile set, falling back to default profiles: default]- No active profile set, falling back to default profiles: default
09:56:21.676 INFO  [File:StartupInfoLogger.java] [Func:logStarted] [Line:61] [Message:Started DemoApplication in 3.508 seconds (JVM running for 4.561)]- Started DemoApplication in 3.508 seconds (JVM running for 4.561)
09:56:21.945 INFO  [File:StudentController.java] [Func:getStudent] [Line:29] [Message:1]- 1
09:56:21.974 INFO  [File:StudentService.java] [Func:findStudent] [Line:26] [Message:test]- test
09:57:33.279 INFO  [File:StartupInfoLogger.java] [Func:logStarting] [Line:55] [Message:Starting DemoApplication using Java 14.0.2 on DESKTOP-5LEUD1T with PID 16712 (C:\Users\hjun\Code\rising_camp\school_for_jpa_querydsl\out\production\classes started by hjun in C:\Users\hjun\Code\rising_camp\school_for_jpa_querydsl)]- Starting DemoApplication using Java 14.0.2 on DESKTOP-5LEUD1T with PID 16712 (C:\Users\hjun\Code\rising_camp\school_for_jpa_querydsl\out\production\classes started by hjun in C:\Users\hjun\Code\rising_camp\school_for_jpa_querydsl)
09:57:33.283 INFO  [File:SpringApplication.java] [Func:logStartupProfileInfo] [Line:660] [Message:No active profile set, falling back to default profiles: default]- No active profile set, falling back to default profiles: default
09:57:36.163 INFO  [File:StartupInfoLogger.java] [Func:logStarted] [Line:61] [Message:Started DemoApplication in 3.369 seconds (JVM running for 4.283)]- Started DemoApplication in 3.369 seconds (JVM running for 4.283)
09:57:38.812 INFO  [File:StudentController.java] [Func:getStudent] [Line:29] [Message:1]- 1
09:57:38.844 INFO  [File:StudentService.java] [Func:findStudent] [Line:26] [Message:test]- test
09:58:38.822 INFO  [File:StartupInfoLogger.java] [Func:logStarting] [Line:55] [Message:Starting DemoApplication using Java 14.0.2 on DESKTOP-5LEUD1T with PID 20968 (C:\Users\hjun\Code\rising_camp\school_for_jpa_querydsl\out\production\classes started by hjun in C:\Users\hjun\Code\rising_camp\school_for_jpa_querydsl)]- Starting DemoApplication using Java 14.0.2 on DESKTOP-5LEUD1T with PID 20968 (C:\Users\hjun\Code\rising_camp\school_for_jpa_querydsl\out\production\classes started by hjun in C:\Users\hjun\Code\rising_camp\school_for_jpa_querydsl)
09:58:38.825 INFO  [File:SpringApplication.java] [Func:logStartupProfileInfo] [Line:660] [Message:No active profile set, falling back to default profiles: default]- No active profile set, falling back to default profiles: default
09:58:41.710 INFO  [File:StartupInfoLogger.java] [Func:logStarted] [Line:61] [Message:Started DemoApplication in 3.288 seconds (JVM running for 3.937)]- Started DemoApplication in 3.288 seconds (JVM running for 3.937)
09:58:46.576 INFO  [File:StudentController.java] [Func:getStudent] [Line:29] [Message:1]- 1
09:58:46.604 INFO  [File:StudentService.java] [Func:findStudent] [Line:26] [Message:test]- test
11:04:28.714 INFO  [File:StartupInfoLogger.java] [Func:logStarting] [Line:55] [Message:Starting DemoApplication using Java 14.0.2 on DESKTOP-5LEUD1T with PID 19280 (C:\Users\hjun\Code\rising_camp\school_for_jpa_querydsl\out\production\classes started by hjun in C:\Users\hjun\Code\rising_camp\school_for_jpa_querydsl)]- Starting DemoApplication using Java 14.0.2 on DESKTOP-5LEUD1T with PID 19280 (C:\Users\hjun\Code\rising_camp\school_for_jpa_querydsl\out\production\classes started by hjun in C:\Users\hjun\Code\rising_camp\school_for_jpa_querydsl)
11:04:28.718 INFO  [File:SpringApplication.java] [Func:logStartupProfileInfo] [Line:660] [Message:No active profile set, falling back to default profiles: default]- No active profile set, falling back to default profiles: default
11:04:32.879 INFO  [File:StartupInfoLogger.java] [Func:logStarted] [Line:61] [Message:Started DemoApplication in 4.704 seconds (JVM running for 5.554)]- Started DemoApplication in 4.704 seconds (JVM running for 5.554)
11:06:40.273 INFO  [File:StartupInfoLogger.java] [Func:logStarting] [Line:55] [Message:Starting DemoApplication using Java 14.0.2 on DESKTOP-5LEUD1T with PID 22280 (C:\Users\hjun\Code\rising_camp\school_for_jpa_querydsl\out\production\classes started by hjun in C:\Users\hjun\Code\rising_camp\school_for_jpa_querydsl)]- Starting DemoApplication using Java 14.0.2 on DESKTOP-5LEUD1T with PID 22280 (C:\Users\hjun\Code\rising_camp\school_for_jpa_querydsl\out\production\classes started by hjun in C:\Users\hjun\Code\rising_camp\school_for_jpa_querydsl)
11:06:40.276 INFO  [File:SpringApplication.java] [Func:logStartupProfileInfo] [Line:660] [Message:No active profile set, falling back to default profiles: default]- No active profile set, falling back to default profiles: default
11:06:43.461 INFO  [File:StartupInfoLogger.java] [Func:logStarted] [Line:61] [Message:Started DemoApplication in 3.622 seconds (JVM running for 4.286)]- Started DemoApplication in 3.622 seconds (JVM running for 4.286)
11:08:40.364 INFO  [File:StartupInfoLogger.java] [Func:logStarting] [Line:55] [Message:Starting DemoApplication using Java 14.0.2 on DESKTOP-5LEUD1T with PID 13488 (C:\Users\hjun\Code\rising_camp\school_for_jpa_querydsl\out\production\classes started by hjun in C:\Users\hjun\Code\rising_camp\school_for_jpa_querydsl)]- Starting DemoApplication using Java 14.0.2 on DESKTOP-5LEUD1T with PID 13488 (C:\Users\hjun\Code\rising_camp\school_for_jpa_querydsl\out\production\classes started by hjun in C:\Users\hjun\Code\rising_camp\school_for_jpa_querydsl)
11:08:40.367 INFO  [File:SpringApplication.java] [Func:logStartupProfileInfo] [Line:660] [Message:No active profile set, falling back to default profiles: default]- No active profile set, falling back to default profiles: default
11:08:43.793 INFO  [File:StartupInfoLogger.java] [Func:logStarted] [Line:61] [Message:Started DemoApplication in 3.857 seconds (JVM running for 4.606)]- Started DemoApplication in 3.857 seconds (JVM running for 4.606)
11:10:12.402 INFO  [File:StartupInfoLogger.java] [Func:logStarting] [Line:55] [Message:Starting DemoApplication using Java 14.0.2 on DESKTOP-5LEUD1T with PID 7252 (C:\Users\hjun\Code\rising_camp\school_for_jpa_querydsl\out\production\classes started by hjun in C:\Users\hjun\Code\rising_camp\school_for_jpa_querydsl)]- Starting DemoApplication using Java 14.0.2 on DESKTOP-5LEUD1T with PID 7252 (C:\Users\hjun\Code\rising_camp\school_for_jpa_querydsl\out\production\classes started by hjun in C:\Users\hjun\Code\rising_camp\school_for_jpa_querydsl)
11:10:12.405 INFO  [File:SpringApplication.java] [Func:logStartupProfileInfo] [Line:660] [Message:No active profile set, falling back to default profiles: default]- No active profile set, falling back to default profiles: default
11:10:15.708 INFO  [File:StartupInfoLogger.java] [Func:logStarted] [Line:61] [Message:Started DemoApplication in 3.702 seconds (JVM running for 4.341)]- Started DemoApplication in 3.702 seconds (JVM running for 4.341)
12:46:59.381 INFO  [File:StartupInfoLogger.java] [Func:logStarting] [Line:55] [Message:Starting DemoApplication using Java 14.0.2 on DESKTOP-5LEUD1T with PID 11036 (C:\Users\hjun\Code\rising_camp\school_for_jpa_querydsl\out\production\classes started by hjun in C:\Users\hjun\Code\rising_camp\school_for_jpa_querydsl)]- Starting DemoApplication using Java 14.0.2 on DESKTOP-5LEUD1T with PID 11036 (C:\Users\hjun\Code\rising_camp\school_for_jpa_querydsl\out\production\classes started by hjun in C:\Users\hjun\Code\rising_camp\school_for_jpa_querydsl)
12:46:59.384 INFO  [File:SpringApplication.java] [Func:logStartupProfileInfo] [Line:660] [Message:No active profile set, falling back to default profiles: default]- No active profile set, falling back to default profiles: default
12:47:02.840 INFO  [File:StartupInfoLogger.java] [Func:logStarted] [Line:61] [Message:Started DemoApplication in 3.933 seconds (JVM running for 4.812)]- Started DemoApplication in 3.933 seconds (JVM running for 4.812)
12:49:19.535 INFO  [File:StartupInfoLogger.java] [Func:logStarting] [Line:55] [Message:Starting DemoApplication using Java 14.0.2 on DESKTOP-5LEUD1T with PID 2492 (C:\Users\hjun\Code\rising_camp\school_for_jpa_querydsl\out\production\classes started by hjun in C:\Users\hjun\Code\rising_camp\school_for_jpa_querydsl)]- Starting DemoApplication using Java 14.0.2 on DESKTOP-5LEUD1T with PID 2492 (C:\Users\hjun\Code\rising_camp\school_for_jpa_querydsl\out\production\classes started by hjun in C:\Users\hjun\Code\rising_camp\school_for_jpa_querydsl)
12:49:19.538 INFO  [File:SpringApplication.java] [Func:logStartupProfileInfo] [Line:660] [Message:No active profile set, falling back to default profiles: default]- No active profile set, falling back to default profiles: default
12:49:22.584 INFO  [File:StartupInfoLogger.java] [Func:logStarted] [Line:61] [Message:Started DemoApplication in 3.466 seconds (JVM running for 4.234)]- Started DemoApplication in 3.466 seconds (JVM running for 4.234)
12:50:54.892 INFO  [File:StartupInfoLogger.java] [Func:logStarting] [Line:55] [Message:Starting DemoApplication using Java 14.0.2 on DESKTOP-5LEUD1T with PID 13548 (C:\Users\hjun\Code\rising_camp\school_for_jpa_querydsl\out\production\classes started by hjun in C:\Users\hjun\Code\rising_camp\school_for_jpa_querydsl)]- Starting DemoApplication using Java 14.0.2 on DESKTOP-5LEUD1T with PID 13548 (C:\Users\hjun\Code\rising_camp\school_for_jpa_querydsl\out\production\classes started by hjun in C:\Users\hjun\Code\rising_camp\school_for_jpa_querydsl)
12:50:54.895 INFO  [File:SpringApplication.java] [Func:logStartupProfileInfo] [Line:660] [Message:No active profile set, falling back to default profiles: default]- No active profile set, falling back to default profiles: default
12:50:59.181 INFO  [File:StartupInfoLogger.java] [Func:logStarted] [Line:61] [Message:Started DemoApplication in 4.747 seconds (JVM running for 5.673)]- Started DemoApplication in 4.747 seconds (JVM running for 5.673)
12:53:04.647 INFO  [File:StartupInfoLogger.java] [Func:logStarting] [Line:55] [Message:Starting DemoApplication using Java 14.0.2 on DESKTOP-5LEUD1T with PID 9764 (C:\Users\hjun\Code\rising_camp\school_for_jpa_querydsl\out\production\classes started by hjun in C:\Users\hjun\Code\rising_camp\school_for_jpa_querydsl)]- Starting DemoApplication using Java 14.0.2 on DESKTOP-5LEUD1T with PID 9764 (C:\Users\hjun\Code\rising_camp\school_for_jpa_querydsl\out\production\classes started by hjun in C:\Users\hjun\Code\rising_camp\school_for_jpa_querydsl)
12:53:04.650 INFO  [File:SpringApplication.java] [Func:logStartupProfileInfo] [Line:660] [Message:No active profile set, falling back to default profiles: default]- No active profile set, falling back to default profiles: default
12:53:08.425 INFO  [File:StartupInfoLogger.java] [Func:logStarted] [Line:61] [Message:Started DemoApplication in 4.264 seconds (JVM running for 5.061)]- Started DemoApplication in 4.264 seconds (JVM running for 5.061)
12:53:46.092 INFO  [File:StartupInfoLogger.java] [Func:logStarting] [Line:55] [Message:Starting DemoApplication using Java 14.0.2 on DESKTOP-5LEUD1T with PID 10496 (C:\Users\hjun\Code\rising_camp\school_for_jpa_querydsl\out\production\classes started by hjun in C:\Users\hjun\Code\rising_camp\school_for_jpa_querydsl)]- Starting DemoApplication using Java 14.0.2 on DESKTOP-5LEUD1T with PID 10496 (C:\Users\hjun\Code\rising_camp\school_for_jpa_querydsl\out\production\classes started by hjun in C:\Users\hjun\Code\rising_camp\school_for_jpa_querydsl)
12:53:46.095 INFO  [File:SpringApplication.java] [Func:logStartupProfileInfo] [Line:660] [Message:No active profile set, falling back to default profiles: default]- No active profile set, falling back to default profiles: default
12:53:49.215 INFO  [File:StartupInfoLogger.java] [Func:logStarted] [Line:61] [Message:Started DemoApplication in 3.624 seconds (JVM running for 4.349)]- Started DemoApplication in 3.624 seconds (JVM running for 4.349)
21:05:45.578 INFO  [File:StartupInfoLogger.java] [Func:logStarting] [Line:55] [Message:Starting DemoApplication using Java 14.0.2 on DESKTOP-5LEUD1T with PID 6284 (C:\Users\hjun\Code\rising_camp\school_for_jpa_querydsl\out\production\classes started by hjun in C:\Users\hjun\Code\rising_camp\school_for_jpa_querydsl)]- Starting DemoApplication using Java 14.0.2 on DESKTOP-5LEUD1T with PID 6284 (C:\Users\hjun\Code\rising_camp\school_for_jpa_querydsl\out\production\classes started by hjun in C:\Users\hjun\Code\rising_camp\school_for_jpa_querydsl)
21:05:45.582 INFO  [File:SpringApplication.java] [Func:logStartupProfileInfo] [Line:660] [Message:No active profile set, falling back to default profiles: default]- No active profile set, falling back to default profiles: default
21:27:28.625 INFO  [File:StartupInfoLogger.java] [Func:logStarting] [Line:55] [Message:Starting DemoApplication using Java 14.0.2 on DESKTOP-5LEUD1T with PID 5944 (C:\Users\hjun\Code\rising_camp\school_for_jpa_querydsl\out\production\classes started by hjun in C:\Users\hjun\Code\rising_camp\school_for_jpa_querydsl)]- Starting DemoApplication using Java 14.0.2 on DESKTOP-5LEUD1T with PID 5944 (C:\Users\hjun\Code\rising_camp\school_for_jpa_querydsl\out\production\classes started by hjun in C:\Users\hjun\Code\rising_camp\school_for_jpa_querydsl)
21:27:28.627 INFO  [File:SpringApplication.java] [Func:logStartupProfileInfo] [Line:660] [Message:No active profile set, falling back to default profiles: default]- No active profile set, falling back to default profiles: default
21:28:31.409 INFO  [File:StartupInfoLogger.java] [Func:logStarting] [Line:55] [Message:Starting DemoApplication using Java 14.0.2 on DESKTOP-5LEUD1T with PID 24100 (C:\Users\hjun\Code\rising_camp\school_for_jpa_querydsl\out\production\classes started by hjun in C:\Users\hjun\Code\rising_camp\school_for_jpa_querydsl)]- Starting DemoApplication using Java 14.0.2 on DESKTOP-5LEUD1T with PID 24100 (C:\Users\hjun\Code\rising_camp\school_for_jpa_querydsl\out\production\classes started by hjun in C:\Users\hjun\Code\rising_camp\school_for_jpa_querydsl)
21:28:31.415 INFO  [File:SpringApplication.java] [Func:logStartupProfileInfo] [Line:660] [Message:No active profile set, falling back to default profiles: default]- No active profile set, falling back to default profiles: default
21:30:44.826 INFO  [File:StartupInfoLogger.java] [Func:logStarting] [Line:55] [Message:Starting DemoApplication using Java 14.0.2 on DESKTOP-5LEUD1T with PID 21948 (C:\Users\hjun\Code\rising_camp\school_for_jpa_querydsl\out\production\classes started by hjun in C:\Users\hjun\Code\rising_camp\school_for_jpa_querydsl)]- Starting DemoApplication using Java 14.0.2 on DESKTOP-5LEUD1T with PID 21948 (C:\Users\hjun\Code\rising_camp\school_for_jpa_querydsl\out\production\classes started by hjun in C:\Users\hjun\Code\rising_camp\school_for_jpa_querydsl)
21:30:44.829 INFO  [File:SpringApplication.java] [Func:logStartupProfileInfo] [Line:660] [Message:No active profile set, falling back to default profiles: default]- No active profile set, falling back to default profiles: default
21:32:40.879 INFO  [File:StartupInfoLogger.java] [Func:logStarting] [Line:55] [Message:Starting DemoApplication using Java 14.0.2 on DESKTOP-5LEUD1T with PID 17264 (C:\Users\hjun\Code\rising_camp\school_for_jpa_querydsl\out\production\classes started by hjun in C:\Users\hjun\Code\rising_camp\school_for_jpa_querydsl)]- Starting DemoApplication using Java 14.0.2 on DESKTOP-5LEUD1T with PID 17264 (C:\Users\hjun\Code\rising_camp\school_for_jpa_querydsl\out\production\classes started by hjun in C:\Users\hjun\Code\rising_camp\school_for_jpa_querydsl)
21:32:40.883 INFO  [File:SpringApplication.java] [Func:logStartupProfileInfo] [Line:660] [Message:No active profile set, falling back to default profiles: default]- No active profile set, falling back to default profiles: default
21:32:43.851 INFO  [File:StartupInfoLogger.java] [Func:logStarted] [Line:61] [Message:Started DemoApplication in 3.372 seconds (JVM running for 4.025)]- Started DemoApplication in 3.372 seconds (JVM running for 4.025)
21:33:10.354 INFO  [File:ClubController.java] [Func:getClub] [Line:31] [Message:1]- 1
21:34:58.309 INFO  [File:StartupInfoLogger.java] [Func:logStarting] [Line:55] [Message:Starting DemoApplication using Java 14.0.2 on DESKTOP-5LEUD1T with PID 11112 (C:\Users\hjun\Code\rising_camp\school_for_jpa_querydsl\out\production\classes started by hjun in C:\Users\hjun\Code\rising_camp\school_for_jpa_querydsl)]- Starting DemoApplication using Java 14.0.2 on DESKTOP-5LEUD1T with PID 11112 (C:\Users\hjun\Code\rising_camp\school_for_jpa_querydsl\out\production\classes started by hjun in C:\Users\hjun\Code\rising_camp\school_for_jpa_querydsl)
21:34:58.312 INFO  [File:SpringApplication.java] [Func:logStartupProfileInfo] [Line:660] [Message:No active profile set, falling back to default profiles: default]- No active profile set, falling back to default profiles: default
21:35:01.392 INFO  [File:StartupInfoLogger.java] [Func:logStarted] [Line:61] [Message:Started DemoApplication in 3.48 seconds (JVM running for 4.125)]- Started DemoApplication in 3.48 seconds (JVM running for 4.125)
21:35:03.929 INFO  [File:ClubController.java] [Func:getClub] [Line:31] [Message:1]- 1
21:37:55.667 INFO  [File:StartupInfoLogger.java] [Func:logStarting] [Line:55] [Message:Starting DemoApplication using Java 14.0.2 on DESKTOP-5LEUD1T with PID 21544 (C:\Users\hjun\Code\rising_camp\school_for_jpa_querydsl\out\production\classes started by hjun in C:\Users\hjun\Code\rising_camp\school_for_jpa_querydsl)]- Starting DemoApplication using Java 14.0.2 on DESKTOP-5LEUD1T with PID 21544 (C:\Users\hjun\Code\rising_camp\school_for_jpa_querydsl\out\production\classes started by hjun in C:\Users\hjun\Code\rising_camp\school_for_jpa_querydsl)
21:37:55.671 INFO  [File:SpringApplication.java] [Func:logStartupProfileInfo] [Line:660] [Message:No active profile set, falling back to default profiles: default]- No active profile set, falling back to default profiles: default
21:37:58.660 INFO  [File:StartupInfoLogger.java] [Func:logStarted] [Line:61] [Message:Started DemoApplication in 3.405 seconds (JVM running for 4.058)]- Started DemoApplication in 3.405 seconds (JVM running for 4.058)
21:38:01.575 INFO  [File:ClubController.java] [Func:getClub] [Line:31] [Message:1]- 1
21:38:01.614 INFO  [File:ClubService.java] [Func:findClub] [Line:39] [Message:############## 1 #################]- ############## 1 #################
21:41:53.200 INFO  [File:StartupInfoLogger.java] [Func:logStarting] [Line:55] [Message:Starting DemoApplication using Java 14.0.2 on DESKTOP-5LEUD1T with PID 8856 (C:\Users\hjun\Code\rising_camp\school_for_jpa_querydsl\out\production\classes started by hjun in C:\Users\hjun\Code\rising_camp\school_for_jpa_querydsl)]- Starting DemoApplication using Java 14.0.2 on DESKTOP-5LEUD1T with PID 8856 (C:\Users\hjun\Code\rising_camp\school_for_jpa_querydsl\out\production\classes started by hjun in C:\Users\hjun\Code\rising_camp\school_for_jpa_querydsl)
21:41:53.202 INFO  [File:SpringApplication.java] [Func:logStartupProfileInfo] [Line:660] [Message:No active profile set, falling back to default profiles: default]- No active profile set, falling back to default profiles: default
21:41:56.082 INFO  [File:StartupInfoLogger.java] [Func:logStarted] [Line:61] [Message:Started DemoApplication in 3.286 seconds (JVM running for 4.133)]- Started DemoApplication in 3.286 seconds (JVM running for 4.133)
21:41:59.023 INFO  [File:ClubController.java] [Func:getClub] [Line:31] [Message:1]- 1
21:41:59.052 INFO  [File:ClubService.java] [Func:findClub] [Line:39] [Message:############## 1 #################]- ############## 1 #################
21:42:22.719 INFO  [File:ClubController.java] [Func:getClub] [Line:31] [Message:1]- 1
21:42:22.732 INFO  [File:ClubService.java] [Func:findClub] [Line:39] [Message:############## 1 #################]- ############## 1 #################
21:44:03.930 INFO  [File:StartupInfoLogger.java] [Func:logStarting] [Line:55] [Message:Starting DemoApplication using Java 14.0.2 on DESKTOP-5LEUD1T with PID 15608 (C:\Users\hjun\Code\rising_camp\school_for_jpa_querydsl\out\production\classes started by hjun in C:\Users\hjun\Code\rising_camp\school_for_jpa_querydsl)]- Starting DemoApplication using Java 14.0.2 on DESKTOP-5LEUD1T with PID 15608 (C:\Users\hjun\Code\rising_camp\school_for_jpa_querydsl\out\production\classes started by hjun in C:\Users\hjun\Code\rising_camp\school_for_jpa_querydsl)
21:44:03.934 INFO  [File:SpringApplication.java] [Func:logStartupProfileInfo] [Line:660] [Message:No active profile set, falling back to default profiles: default]- No active profile set, falling back to default profiles: default
21:44:07.256 INFO  [File:StartupInfoLogger.java] [Func:logStarted] [Line:61] [Message:Started DemoApplication in 3.742 seconds (JVM running for 4.397)]- Started DemoApplication in 3.742 seconds (JVM running for 4.397)
21:44:27.350 INFO  [File:ClubController.java] [Func:getClub] [Line:31] [Message:1]- 1
21:44:27.379 INFO  [File:ClubService.java] [Func:findClub] [Line:39] [Message:############## 1 #################]- ############## 1 #################
21:44:27.381 INFO  [File:ClubRepository.java] [Func:findById] [Line:25] [Message:############## 3 #################]- ############## 3 #################
22:16:50.716 INFO  [File:StartupInfoLogger.java] [Func:logStarting] [Line:55] [Message:Starting DemoApplication using Java 14.0.2 on DESKTOP-5LEUD1T with PID 4840 (C:\Users\hjun\Code\rising_camp\school_for_jpa_querydsl\out\production\classes started by hjun in C:\Users\hjun\Code\rising_camp\school_for_jpa_querydsl)]- Starting DemoApplication using Java 14.0.2 on DESKTOP-5LEUD1T with PID 4840 (C:\Users\hjun\Code\rising_camp\school_for_jpa_querydsl\out\production\classes started by hjun in C:\Users\hjun\Code\rising_camp\school_for_jpa_querydsl)
22:16:50.720 INFO  [File:SpringApplication.java] [Func:logStartupProfileInfo] [Line:660] [Message:No active profile set, falling back to default profiles: default]- No active profile set, falling back to default profiles: default
22:16:54.042 INFO  [File:StartupInfoLogger.java] [Func:logStarted] [Line:61] [Message:Started DemoApplication in 3.821 seconds (JVM running for 4.499)]- Started DemoApplication in 3.821 seconds (JVM running for 4.499)
22:17:01.145 INFO  [File:ClubController.java] [Func:getClub] [Line:31] [Message:1]- 1
22:17:01.175 INFO  [File:ClubService.java] [Func:findClub] [Line:39] [Message:############## 1 #################]- ############## 1 #################
22:17:01.177 INFO  [File:ClubRepository.java] [Func:findById] [Line:25] [Message:############## 3 #################]- ############## 3 #################
22:17:01.231 INFO  [File:ClubService.java] [Func:findClub] [Line:41] [Message:############## 2 #################]- ############## 2 #################
22:17:18.175 INFO  [File:ScoreController.java] [Func:getScore] [Line:31] [Message:1]- 1
22:17:28.596 INFO  [File:ClubController.java] [Func:getClub] [Line:31] [Message:1]- 1
22:17:28.609 INFO  [File:ClubService.java] [Func:findClub] [Line:39] [Message:############## 1 #################]- ############## 1 #################
22:17:28.610 INFO  [File:ClubRepository.java] [Func:findById] [Line:25] [Message:############## 3 #################]- ############## 3 #################
22:17:28.616 INFO  [File:ClubService.java] [Func:findClub] [Line:41] [Message:############## 2 #################]- ############## 2 #################
22:17:46.009 INFO  [File:StudentController.java] [Func:getStudent] [Line:28] [Message:1]- 1
22:17:46.027 INFO  [File:StudentService.java] [Func:findStudent] [Line:39] [Message:test]- test
22:17:50.284 INFO  [File:TeacherController.java] [Func:getTeacher] [Line:28] [Message:1]- 1
