09:22:26.949 INFO  [File:StartupInfoLogger.java] [Func:logStarting] [Line:55] [Message:Starting DemoApplication using Java 11.0.11 on DESKTOP-5LEUD1T with PID 13236 (C:\Users\hjun\Code\rising_camp\api-server-spring-boot-final_2\build\classes\java\main started by hjun in C:\Users\hjun\Code\rising_camp\api-server-spring-boot-final_2)]- Starting DemoApplication using Java 11.0.11 on DESKTOP-5LEUD1T with PID 13236 (C:\Users\hjun\Code\rising_camp\api-server-spring-boot-final_2\build\classes\java\main started by hjun in C:\Users\hjun\Code\rising_camp\api-server-spring-boot-final_2)
09:22:26.960 INFO  [File:SpringApplication.java] [Func:logStartupProfileInfo] [Line:660] [Message:No active profile set, falling back to default profiles: default]- No active profile set, falling back to default profiles: default
09:22:32.325 INFO  [File:StartupInfoLogger.java] [Func:logStarted] [Line:61] [Message:Started DemoApplication in 5.941 seconds (JVM running for 6.393)]- Started DemoApplication in 5.941 seconds (JVM running for 6.393)
11:02:47.043 INFO  [File:StartupInfoLogger.java] [Func:logStarting] [Line:55] [Message:Starting DemoApplication using Java 11.0.11 on DESKTOP-5LEUD1T with PID 8532 (C:\Users\hjun\Code\rising_camp\api-server-spring-boot-final_2\build\classes\java\main started by hjun in C:\Users\hjun\Code\rising_camp\api-server-spring-boot-final_2)]- Starting DemoApplication using Java 11.0.11 on DESKTOP-5LEUD1T with PID 8532 (C:\Users\hjun\Code\rising_camp\api-server-spring-boot-final_2\build\classes\java\main started by hjun in C:\Users\hjun\Code\rising_camp\api-server-spring-boot-final_2)
11:02:47.047 INFO  [File:SpringApplication.java] [Func:logStartupProfileInfo] [Line:660] [Message:No active profile set, falling back to default profiles: default]- No active profile set, falling back to default profiles: default
11:02:52.364 INFO  [File:StartupInfoLogger.java] [Func:logStarted] [Line:61] [Message:Started DemoApplication in 5.928 seconds (JVM running for 6.362)]- Started DemoApplication in 5.928 seconds (JVM running for 6.362)
11:14:56.071 INFO  [File:StartupInfoLogger.java] [Func:logStarting] [Line:55] [Message:Starting DemoApplication using Java 11.0.11 on DESKTOP-5LEUD1T with PID 12672 (C:\Users\hjun\Code\rising_camp\api-server-spring-boot-final_2\build\classes\java\main started by hjun in C:\Users\hjun\Code\rising_camp\api-server-spring-boot-final_2)]- Starting DemoApplication using Java 11.0.11 on DESKTOP-5LEUD1T with PID 12672 (C:\Users\hjun\Code\rising_camp\api-server-spring-boot-final_2\build\classes\java\main started by hjun in C:\Users\hjun\Code\rising_camp\api-server-spring-boot-final_2)
11:14:56.075 INFO  [File:SpringApplication.java] [Func:logStartupProfileInfo] [Line:660] [Message:No active profile set, falling back to default profiles: default]- No active profile set, falling back to default profiles: default
11:15:02.027 INFO  [File:StartupInfoLogger.java] [Func:logStarted] [Line:61] [Message:Started DemoApplication in 6.565 seconds (JVM running for 7.043)]- Started DemoApplication in 6.565 seconds (JVM running for 7.043)
11:17:13.005 INFO  [File:StartupInfoLogger.java] [Func:logStarting] [Line:55] [Message:Starting DemoApplication using Java 11.0.11 on DESKTOP-5LEUD1T with PID 23612 (C:\Users\hjun\Code\rising_camp\api-server-spring-boot-final_2\build\classes\java\main started by hjun in C:\Users\hjun\Code\rising_camp\api-server-spring-boot-final_2)]- Starting DemoApplication using Java 11.0.11 on DESKTOP-5LEUD1T with PID 23612 (C:\Users\hjun\Code\rising_camp\api-server-spring-boot-final_2\build\classes\java\main started by hjun in C:\Users\hjun\Code\rising_camp\api-server-spring-boot-final_2)
11:17:13.013 INFO  [File:SpringApplication.java] [Func:logStartupProfileInfo] [Line:660] [Message:No active profile set, falling back to default profiles: default]- No active profile set, falling back to default profiles: default
11:17:17.945 INFO  [File:StartupInfoLogger.java] [Func:logStarted] [Line:61] [Message:Started DemoApplication in 5.525 seconds (JVM running for 5.945)]- Started DemoApplication in 5.525 seconds (JVM running for 5.945)
11:17:56.776 INFO  [File:ClientDAO.java] [Func:createClient] [Line:30] [Message:null]- null
11:17:56.777 INFO  [File:ClientDAO.java] [Func:createClient] [Line:31] [Message:null]- null
11:19:27.526 INFO  [File:StartupInfoLogger.java] [Func:logStarting] [Line:55] [Message:Starting DemoApplication using Java 11.0.11 on DESKTOP-5LEUD1T with PID 20864 (C:\Users\hjun\Code\rising_camp\api-server-spring-boot-final_2\build\classes\java\main started by hjun in C:\Users\hjun\Code\rising_camp\api-server-spring-boot-final_2)]- Starting DemoApplication using Java 11.0.11 on DESKTOP-5LEUD1T with PID 20864 (C:\Users\hjun\Code\rising_camp\api-server-spring-boot-final_2\build\classes\java\main started by hjun in C:\Users\hjun\Code\rising_camp\api-server-spring-boot-final_2)
11:19:27.531 INFO  [File:SpringApplication.java] [Func:logStartupProfileInfo] [Line:660] [Message:No active profile set, falling back to default profiles: default]- No active profile set, falling back to default profiles: default
11:19:32.469 INFO  [File:StartupInfoLogger.java] [Func:logStarted] [Line:61] [Message:Started DemoApplication in 5.474 seconds (JVM running for 5.884)]- Started DemoApplication in 5.474 seconds (JVM running for 5.884)
11:19:44.191 INFO  [File:ClientController.java] [Func:postJoinClient] [Line:29] [Message:com.example.demo.src.client.model.Client@3c1]- com.example.demo.src.client.model.Client@3c1
11:19:44.224 INFO  [File:ClientDAO.java] [Func:createClient] [Line:30] [Message:null]- null
11:19:44.224 INFO  [File:ClientDAO.java] [Func:createClient] [Line:31] [Message:null]- null
11:24:20.709 INFO  [File:StartupInfoLogger.java] [Func:logStarting] [Line:55] [Message:Starting DemoApplication using Java 11.0.11 on DESKTOP-5LEUD1T with PID 22860 (C:\Users\hjun\Code\rising_camp\api-server-spring-boot-final_2\build\classes\java\main started by hjun in C:\Users\hjun\Code\rising_camp\api-server-spring-boot-final_2)]- Starting DemoApplication using Java 11.0.11 on DESKTOP-5LEUD1T with PID 22860 (C:\Users\hjun\Code\rising_camp\api-server-spring-boot-final_2\build\classes\java\main started by hjun in C:\Users\hjun\Code\rising_camp\api-server-spring-boot-final_2)
11:24:20.712 INFO  [File:SpringApplication.java] [Func:logStartupProfileInfo] [Line:660] [Message:No active profile set, falling back to default profiles: default]- No active profile set, falling back to default profiles: default
11:24:25.665 INFO  [File:StartupInfoLogger.java] [Func:logStarted] [Line:61] [Message:Started DemoApplication in 5.508 seconds (JVM running for 5.923)]- Started DemoApplication in 5.508 seconds (JVM running for 5.923)
11:24:29.668 INFO  [File:ClientDAO.java] [Func:createClient] [Line:30] [Message:null]- null
11:24:29.669 INFO  [File:ClientDAO.java] [Func:createClient] [Line:31] [Message:null]- null
11:28:15.765 INFO  [File:StartupInfoLogger.java] [Func:logStarting] [Line:55] [Message:Starting DemoApplication using Java 11.0.11 on DESKTOP-5LEUD1T with PID 11792 (C:\Users\hjun\Code\rising_camp\api-server-spring-boot-final_2\build\classes\java\main started by hjun in C:\Users\hjun\Code\rising_camp\api-server-spring-boot-final_2)]- Starting DemoApplication using Java 11.0.11 on DESKTOP-5LEUD1T with PID 11792 (C:\Users\hjun\Code\rising_camp\api-server-spring-boot-final_2\build\classes\java\main started by hjun in C:\Users\hjun\Code\rising_camp\api-server-spring-boot-final_2)
11:28:15.768 INFO  [File:SpringApplication.java] [Func:logStartupProfileInfo] [Line:660] [Message:No active profile set, falling back to default profiles: default]- No active profile set, falling back to default profiles: default
11:28:21.312 INFO  [File:StartupInfoLogger.java] [Func:logStarted] [Line:61] [Message:Started DemoApplication in 6.143 seconds (JVM running for 6.667)]- Started DemoApplication in 6.143 seconds (JVM running for 6.667)
11:28:23.832 INFO  [File:ClientController.java] [Func:postJoinClient] [Line:29] [Message:id: null]- id: null
11:28:23.833 INFO  [File:ClientController.java] [Func:postJoinClient] [Line:30] [Message:email: testUser@gmail.com]- email: testUser@gmail.com
11:28:23.870 INFO  [File:ClientDAO.java] [Func:createClient] [Line:30] [Message:null]- null
11:28:23.871 INFO  [File:ClientDAO.java] [Func:createClient] [Line:31] [Message:null]- null
11:28:23.871 INFO  [File:ClientDAO.java] [Func:createClient] [Line:32] [Message:testUser@gmail.com]- testUser@gmail.com
11:29:40.520 INFO  [File:StartupInfoLogger.java] [Func:logStarting] [Line:55] [Message:Starting DemoApplication using Java 11.0.11 on DESKTOP-5LEUD1T with PID 3108 (C:\Users\hjun\Code\rising_camp\api-server-spring-boot-final_2\build\classes\java\main started by hjun in C:\Users\hjun\Code\rising_camp\api-server-spring-boot-final_2)]- Starting DemoApplication using Java 11.0.11 on DESKTOP-5LEUD1T with PID 3108 (C:\Users\hjun\Code\rising_camp\api-server-spring-boot-final_2\build\classes\java\main started by hjun in C:\Users\hjun\Code\rising_camp\api-server-spring-boot-final_2)
11:29:40.524 INFO  [File:SpringApplication.java] [Func:logStartupProfileInfo] [Line:660] [Message:No active profile set, falling back to default profiles: default]- No active profile set, falling back to default profiles: default
11:29:46.110 INFO  [File:StartupInfoLogger.java] [Func:logStarted] [Line:61] [Message:Started DemoApplication in 6.139 seconds (JVM running for 6.57)]- Started DemoApplication in 6.139 seconds (JVM running for 6.57)
11:30:20.302 INFO  [File:ClientController.java] [Func:postJoinClient] [Line:29] [Message:id: null]- id: null
11:30:20.303 INFO  [File:ClientController.java] [Func:postJoinClient] [Line:30] [Message:email: testUser@gmail.com]- email: testUser@gmail.com
11:30:20.323 INFO  [File:ClientDAO.java] [Func:createClient] [Line:30] [Message:null]- null
11:30:20.323 INFO  [File:ClientDAO.java] [Func:createClient] [Line:31] [Message:null]- null
11:30:20.324 INFO  [File:ClientDAO.java] [Func:createClient] [Line:32] [Message:testUser@gmail.com]- testUser@gmail.com
11:30:45.061 INFO  [File:StartupInfoLogger.java] [Func:logStarting] [Line:55] [Message:Starting DemoApplication using Java 11.0.11 on DESKTOP-5LEUD1T with PID 23536 (C:\Users\hjun\Code\rising_camp\api-server-spring-boot-final_2\build\classes\java\main started by hjun in C:\Users\hjun\Code\rising_camp\api-server-spring-boot-final_2)]- Starting DemoApplication using Java 11.0.11 on DESKTOP-5LEUD1T with PID 23536 (C:\Users\hjun\Code\rising_camp\api-server-spring-boot-final_2\build\classes\java\main started by hjun in C:\Users\hjun\Code\rising_camp\api-server-spring-boot-final_2)
11:30:45.065 INFO  [File:SpringApplication.java] [Func:logStartupProfileInfo] [Line:660] [Message:No active profile set, falling back to default profiles: default]- No active profile set, falling back to default profiles: default
11:30:49.872 INFO  [File:StartupInfoLogger.java] [Func:logStarted] [Line:61] [Message:Started DemoApplication in 5.337 seconds (JVM running for 5.743)]- Started DemoApplication in 5.337 seconds (JVM running for 5.743)
11:30:53.125 INFO  [File:ClientController.java] [Func:postJoinClient] [Line:29] [Message:id: null]- id: null
11:30:53.126 INFO  [File:ClientController.java] [Func:postJoinClient] [Line:30] [Message:email: testUser@gmail.com]- email: testUser@gmail.com
11:30:53.171 INFO  [File:ClientDAO.java] [Func:createClient] [Line:30] [Message:null]- null
11:30:53.172 INFO  [File:ClientDAO.java] [Func:createClient] [Line:31] [Message:null]- null
11:30:53.172 INFO  [File:ClientDAO.java] [Func:createClient] [Line:32] [Message:testUser@gmail.com]- testUser@gmail.com
11:34:36.420 INFO  [File:StartupInfoLogger.java] [Func:logStarting] [Line:55] [Message:Starting DemoApplication using Java 11.0.11 on DESKTOP-5LEUD1T with PID 1504 (C:\Users\hjun\Code\rising_camp\api-server-spring-boot-final_2\build\classes\java\main started by hjun in C:\Users\hjun\Code\rising_camp\api-server-spring-boot-final_2)]- Starting DemoApplication using Java 11.0.11 on DESKTOP-5LEUD1T with PID 1504 (C:\Users\hjun\Code\rising_camp\api-server-spring-boot-final_2\build\classes\java\main started by hjun in C:\Users\hjun\Code\rising_camp\api-server-spring-boot-final_2)
11:34:36.423 INFO  [File:SpringApplication.java] [Func:logStartupProfileInfo] [Line:660] [Message:No active profile set, falling back to default profiles: default]- No active profile set, falling back to default profiles: default
11:34:41.255 INFO  [File:StartupInfoLogger.java] [Func:logStarted] [Line:61] [Message:Started DemoApplication in 5.374 seconds (JVM running for 5.803)]- Started DemoApplication in 5.374 seconds (JVM running for 5.803)
11:34:52.356 INFO  [File:ClientController.java] [Func:postJoinClient] [Line:29] [Message:id: null]- id: null
11:34:52.357 INFO  [File:ClientController.java] [Func:postJoinClient] [Line:30] [Message:email: testUser@gmail.com]- email: testUser@gmail.com
11:34:52.389 INFO  [File:ClientDAO.java] [Func:createClient] [Line:30] [Message:null]- null
11:34:52.390 INFO  [File:ClientDAO.java] [Func:createClient] [Line:31] [Message:null]- null
11:34:52.390 INFO  [File:ClientDAO.java] [Func:createClient] [Line:32] [Message:testUser@gmail.com]- testUser@gmail.com
11:40:09.263 INFO  [File:StartupInfoLogger.java] [Func:logStarting] [Line:55] [Message:Starting DemoApplication using Java 11.0.11 on DESKTOP-5LEUD1T with PID 23560 (C:\Users\hjun\Code\rising_camp\api-server-spring-boot-final_2\build\classes\java\main started by hjun in C:\Users\hjun\Code\rising_camp\api-server-spring-boot-final_2)]- Starting DemoApplication using Java 11.0.11 on DESKTOP-5LEUD1T with PID 23560 (C:\Users\hjun\Code\rising_camp\api-server-spring-boot-final_2\build\classes\java\main started by hjun in C:\Users\hjun\Code\rising_camp\api-server-spring-boot-final_2)
11:40:09.267 INFO  [File:SpringApplication.java] [Func:logStartupProfileInfo] [Line:660] [Message:No active profile set, falling back to default profiles: default]- No active profile set, falling back to default profiles: default
11:40:15.373 INFO  [File:StartupInfoLogger.java] [Func:logStarted] [Line:61] [Message:Started DemoApplication in 6.651 seconds (JVM running for 7.14)]- Started DemoApplication in 6.651 seconds (JVM running for 7.14)
11:40:33.938 INFO  [File:StartupInfoLogger.java] [Func:logStarting] [Line:55] [Message:Starting DemoApplication using Java 11.0.11 on DESKTOP-5LEUD1T with PID 11428 (C:\Users\hjun\Code\rising_camp\api-server-spring-boot-final_2\build\classes\java\main started by hjun in C:\Users\hjun\Code\rising_camp\api-server-spring-boot-final_2)]- Starting DemoApplication using Java 11.0.11 on DESKTOP-5LEUD1T with PID 11428 (C:\Users\hjun\Code\rising_camp\api-server-spring-boot-final_2\build\classes\java\main started by hjun in C:\Users\hjun\Code\rising_camp\api-server-spring-boot-final_2)
11:40:33.942 INFO  [File:SpringApplication.java] [Func:logStartupProfileInfo] [Line:660] [Message:No active profile set, falling back to default profiles: default]- No active profile set, falling back to default profiles: default
11:40:39.004 INFO  [File:StartupInfoLogger.java] [Func:logStarted] [Line:61] [Message:Started DemoApplication in 5.621 seconds (JVM running for 6.065)]- Started DemoApplication in 5.621 seconds (JVM running for 6.065)
11:40:46.797 INFO  [File:ClientController.java] [Func:postJoinClient] [Line:29] [Message:id: null]- id: null
11:40:46.798 INFO  [File:ClientController.java] [Func:postJoinClient] [Line:30] [Message:email: testUser@gmail.com]- email: testUser@gmail.com
11:40:46.831 INFO  [File:ClientDAO.java] [Func:createClient] [Line:30] [Message:null]- null
11:40:46.831 INFO  [File:ClientDAO.java] [Func:createClient] [Line:31] [Message:null]- null
11:40:46.832 INFO  [File:ClientDAO.java] [Func:createClient] [Line:32] [Message:testUser@gmail.com]- testUser@gmail.com
11:42:41.593 INFO  [File:StartupInfoLogger.java] [Func:logStarting] [Line:55] [Message:Starting DemoApplication using Java 11.0.11 on DESKTOP-5LEUD1T with PID 23420 (C:\Users\hjun\Code\rising_camp\api-server-spring-boot-final_2\build\classes\java\main started by hjun in C:\Users\hjun\Code\rising_camp\api-server-spring-boot-final_2)]- Starting DemoApplication using Java 11.0.11 on DESKTOP-5LEUD1T with PID 23420 (C:\Users\hjun\Code\rising_camp\api-server-spring-boot-final_2\build\classes\java\main started by hjun in C:\Users\hjun\Code\rising_camp\api-server-spring-boot-final_2)
11:42:41.598 INFO  [File:SpringApplication.java] [Func:logStartupProfileInfo] [Line:660] [Message:No active profile set, falling back to default profiles: default]- No active profile set, falling back to default profiles: default
11:42:46.299 INFO  [File:StartupInfoLogger.java] [Func:logStarted] [Line:61] [Message:Started DemoApplication in 5.258 seconds (JVM running for 5.703)]- Started DemoApplication in 5.258 seconds (JVM running for 5.703)
11:42:50.870 INFO  [File:ClientController.java] [Func:postJoinClient] [Line:29] [Message:id: null]- id: null
11:42:50.871 INFO  [File:ClientController.java] [Func:postJoinClient] [Line:30] [Message:email: testUser@gmail.com]- email: testUser@gmail.com
11:42:50.902 INFO  [File:ClientDAO.java] [Func:createClient] [Line:30] [Message:null]- null
11:42:50.902 INFO  [File:ClientDAO.java] [Func:createClient] [Line:31] [Message:null]- null
11:42:50.902 INFO  [File:ClientDAO.java] [Func:createClient] [Line:32] [Message:testUser@gmail.com]- testUser@gmail.com
11:43:44.324 INFO  [File:ClientController.java] [Func:postJoinClient] [Line:29] [Message:id: null]- id: null
11:43:44.324 INFO  [File:ClientController.java] [Func:postJoinClient] [Line:30] [Message:email: testUser@gmail.com]- email: testUser@gmail.com
11:43:44.334 INFO  [File:ClientDAO.java] [Func:createClient] [Line:30] [Message:null]- null
11:43:44.335 INFO  [File:ClientDAO.java] [Func:createClient] [Line:31] [Message:null]- null
11:43:44.335 INFO  [File:ClientDAO.java] [Func:createClient] [Line:32] [Message:testUser@gmail.com]- testUser@gmail.com
